<?xml version="1.0" encoding="UTF-8"?>
<!-- Generated by org.testng.reporters.JUnitReportReporter -->
<testsuite hostname="DESKTOP-IQ40FAV" failures="0" tests="1" name="resusable.Base" time="0.016" errors="0" timestamp="2023-08-04T20:55:17 IST" skipped="0">
  <testcase classname="resusable.Base" name="invoceDriver" time="0.016"/>
  <system-out/>
</testsuite> <!-- resusable.Base -->
