<?xml version="1.0" encoding="UTF-8"?>
<!-- Generated by org.testng.reporters.JUnitReportReporter -->
<testsuite hostname="DESKTOP-IQ40FAV" failures="0" tests="1" name="runner.TestRunner" time="10.549" errors="0" timestamp="2024-01-17T19:28:40 IST" skipped="0">
  <testcase classname="runner.TestRunner" name="runScenario" time="10.549"/>
  <system-out/>
</testsuite> <!-- runner.TestRunner -->
